[2m6:16:08 PM[22m [31m[1m[vite][22m[39m [31m[2m(client)[22m[39m [31m[Unhandled error] [1mReferenceError[22m: STORAGE_KEYS is not defined
[39m > App src/App.jsx:782:47
    780 |    const [layer, setLayer] = useState('pulse')
    781 |    const [scenario, setScenario] = useState(['shade'])
    782 |    const [signals, setSignals] = useStoredState(STORAGE_KEYS.signals, signalsSeed)
        |                                                 ^
    783 |    const [pilots, setPilots] = useStoredState(STORAGE_KEYS.pilots, pilotsSeed)
    784 |    const [votedSignals, setVotedSignals] = useStoredState(STORAGE_KEYS.voted, {})
 > Object.react_stack_bottom_frame node_modules/.pnpm/react-dom@19.2.7_react@19.2.7/node_modules/react-dom/cjs/react-dom-client.development.js:25904:19
 > renderWithHooks node_modules/.pnpm/react-dom@19.2.7_react@19.2.7/node_modules/react-dom/cjs/react-dom-client.development.js:7662:21
 > updateFunctionComponent node_modules/.pnpm/react-dom@19.2.7_react@19.2.7/node_modules/react-dom/cjs/react-dom-client.development.js:10166:18
 > beginWork node_modules/.pnpm/react-dom@19.2.7_react@19.2.7/node_modules/react-dom/cjs/react-dom-client.development.js:11778:17
 > runWithFiberInDEV node_modules/.pnpm/react-dom@19.2.7_react@19.2.7/node_modules/react-dom/cjs/react-dom-client.development.js:871:29
 > performUnitOfWork node_modules/.pnpm/react-dom@19.2.7_react@19.2.7/node_modules/react-dom/cjs/react-dom-client.development.js:17641:21
 > workLoopSync node_modules/.pnpm/react-dom@19.2.7_react@19.2.7/node_modules/react-dom/cjs/react-dom-client.development.js:17469:40
 > renderRootSync node_modules/.pnpm/react-dom@19.2.7_react@19.2.7/node_modules/react-dom/cjs/react-dom-client.development.js:17450:10
 > performWorkOnRoot node_modules/.pnpm/react-dom@19.2.7_react@19.2.7/node_modules/react-dom/cjs/react-dom-client.development.js:16583:34

[2m6:16:08 PM[22m [33m[1m[vite][22m[39m [33m[2m(client)[22m[39m [2m[console.warn] [22mAn error occurred in the <App> component.

Consider adding an error boundary to your tree to customize error handling behavior.
Visit https://react.dev/link/error-boundaries to learn more about error boundaries.

[2m6:16:16 PM[22m [31m[1m[vite][22m[39m [31m[2m(client)[22m[39m [31m[Unhandled error] [1mReferenceError[22m: useStoredState is not defined
[39m > App src/App.jsx:781:32
    779 |    const [layer, setLayer] = useState('pulse')
    780 |    const [scenario, setScenario] = useState(['shade'])
    781 |    const [signals, setSignals] = useStoredState(STORAGE_KEYS.signals, signalsSeed)
        |                                  ^
    782 |    const [pilots, setPilots] = useStoredState(STORAGE_KEYS.pilots, pilotsSeed)
    783 |    const [votedSignals, setVotedSignals] = useStoredState(STORAGE_KEYS.voted, {})
 > Object.react_stack_bottom_frame node_modules/.pnpm/react-dom@19.2.7_react@19.2.7/node_modules/react-dom/cjs/react-dom-client.development.js:25904:19
 > renderWithHooks node_modules/.pnpm/react-dom@19.2.7_react@19.2.7/node_modules/react-dom/cjs/react-dom-client.development.js:7662:21
 > updateFunctionComponent node_modules/.pnpm/react-dom@19.2.7_react@19.2.7/node_modules/react-dom/cjs/react-dom-client.development.js:10166:18
 > beginWork node_modules/.pnpm/react-dom@19.2.7_react@19.2.7/node_modules/react-dom/cjs/react-dom-client.development.js:11778:17
 > runWithFiberInDEV node_modules/.pnpm/react-dom@19.2.7_react@19.2.7/node_modules/react-dom/cjs/react-dom-client.development.js:871:29
 > performUnitOfWork node_modules/.pnpm/react-dom@19.2.7_react@19.2.7/node_modules/react-dom/cjs/react-dom-client.development.js:17641:21
 > workLoopSync node_modules/.pnpm/react-dom@19.2.7_react@19.2.7/node_modules/react-dom/cjs/react-dom-client.development.js:17469:40
 > renderRootSync node_modules/.pnpm/react-dom@19.2.7_react@19.2.7/node_modules/react-dom/cjs/react-dom-client.development.js:17450:10
 > performWorkOnRoot node_modules/.pnpm/react-dom@19.2.7_react@19.2.7/node_modules/react-dom/cjs/react-dom-client.development.js:16583:34

[2m6:16:16 PM[22m [33m[1m[vite][22m[39m [33m[2m(client)[22m[39m [2m[console.warn] [22mAn error occurred in the <App> component.

Consider adding an error boundary to your tree to customize error handling behavior.
Visit https://react.dev/link/error-boundaries to learn more about error boundaries.

[2m6:16:22 PM[22m [31m[1m[vite][22m[39m [31m[2m(client)[22m[39m [31m[Unhandled error] [1mReferenceError[22m: useStoredState is not defined
[39m > App src/App.jsx:777:32
    775 |    const [layer, setLayer] = useState('pulse')
    776 |    const [scenario, setScenario] = useState(['shade'])
    777 |    const [signals, setSignals] = useStoredState(STORAGE_KEYS.signals, signalsSeed)
        |                                  ^
    778 |    const [pilots, setPilots] = useStoredState(STORAGE_KEYS.pilots, pilotsSeed)
    779 |    const [votedSignals, setVotedSignals] = useStoredState(STORAGE_KEYS.voted, {})
 > Object.react_stack_bottom_frame node_modules/.pnpm/react-dom@19.2.7_react@19.2.7/node_modules/react-dom/cjs/react-dom-client.development.js:25904:19
 > renderWithHooks node_modules/.pnpm/react-dom@19.2.7_react@19.2.7/node_modules/react-dom/cjs/react-dom-client.development.js:7662:21
 > updateFunctionComponent node_modules/.pnpm/react-dom@19.2.7_react@19.2.7/node_modules/react-dom/cjs/react-dom-client.development.js:10166:18
 > beginWork node_modules/.pnpm/react-dom@19.2.7_react@19.2.7/node_modules/react-dom/cjs/react-dom-client.development.js:11778:17
 > runWithFiberInDEV node_modules/.pnpm/react-dom@19.2.7_react@19.2.7/node_modules/react-dom/cjs/react-dom-client.development.js:871:29
 > performUnitOfWork node_modules/.pnpm/react-dom@19.2.7_react@19.2.7/node_modules/react-dom/cjs/react-dom-client.development.js:17641:21
 > workLoopSync node_modules/.pnpm/react-dom@19.2.7_react@19.2.7/node_modules/react-dom/cjs/react-dom-client.development.js:17469:40
 > renderRootSync node_modules/.pnpm/react-dom@19.2.7_react@19.2.7/node_modules/react-dom/cjs/react-dom-client.development.js:17450:10
 > performWorkOnRoot node_modules/.pnpm/react-dom@19.2.7_react@19.2.7/node_modules/react-dom/cjs/react-dom-client.development.js:16583:34

[2m6:16:22 PM[22m [33m[1m[vite][22m[39m [33m[2m(client)[22m[39m [2m[console.warn] [22mAn error occurred in the <App> component.

Consider adding an error boundary to your tree to customize error handling behavior.
Visit https://react.dev/link/error-boundaries to learn more about error boundaries.

[2m10:52:05 PM[22m [31m[1m[vite][22m[39m [31m[2m(client)[22m[39m [31m[Unhandled error] [1mReferenceError[22m: JudgeBrief is not defined
[39m > App src/App.jsx:1091:9
    1089 |          </section>
    1090 |  
    1091 |          <JudgeBrief
         |           ^
    1092 |            backendStatus={backendStatus}
    1093 |            signals={signals}
 > Object.react_stack_bottom_frame node_modules/.pnpm/react-dom@19.2.7_react@19.2.7/node_modules/react-dom/cjs/react-dom-client.development.js:25904:19
 > renderWithHooks node_modules/.pnpm/react-dom@19.2.7_react@19.2.7/node_modules/react-dom/cjs/react-dom-client.development.js:7662:21
 > updateFunctionComponent node_modules/.pnpm/react-dom@19.2.7_react@19.2.7/node_modules/react-dom/cjs/react-dom-client.development.js:10166:18
 > beginWork node_modules/.pnpm/react-dom@19.2.7_react@19.2.7/node_modules/react-dom/cjs/react-dom-client.development.js:11778:17
 > runWithFiberInDEV node_modules/.pnpm/react-dom@19.2.7_react@19.2.7/node_modules/react-dom/cjs/react-dom-client.development.js:871:29
 > performUnitOfWork node_modules/.pnpm/react-dom@19.2.7_react@19.2.7/node_modules/react-dom/cjs/react-dom-client.development.js:17641:21
 > workLoopSync node_modules/.pnpm/react-dom@19.2.7_react@19.2.7/node_modules/react-dom/cjs/react-dom-client.development.js:17469:40
 > renderRootSync node_modules/.pnpm/react-dom@19.2.7_react@19.2.7/node_modules/react-dom/cjs/react-dom-client.development.js:17450:10
 > performWorkOnRoot node_modules/.pnpm/react-dom@19.2.7_react@19.2.7/node_modules/react-dom/cjs/react-dom-client.development.js:16583:34

[2m10:52:05 PM[22m [33m[1m[vite][22m[39m [33m[2m(client)[22m[39m [2m[console.warn] [22mAn error occurred in the <App> component.

Consider adding an error boundary to your tree to customize error handling behavior.
Visit https://react.dev/link/error-boundaries to learn more about error boundaries.

[2m10:52:31 PM[22m [31m[1m[vite][22m[39m [31m[2m(client)[22m[39m [31m[Unhandled error] [1mReferenceError[22m: JudgeBrief is not defined
[39m > App src/App.jsx:1091:9
    1089 |          </section>
    1090 |  
    1091 |          <JudgeBrief
         |           ^
    1092 |            backendStatus={backendStatus}
    1093 |            signals={signals}
 > Object.react_stack_bottom_frame node_modules/.pnpm/react-dom@19.2.7_react@19.2.7/node_modules/react-dom/cjs/react-dom-client.development.js:25904:19
 > renderWithHooks node_modules/.pnpm/react-dom@19.2.7_react@19.2.7/node_modules/react-dom/cjs/react-dom-client.development.js:7662:21
 > updateFunctionComponent node_modules/.pnpm/react-dom@19.2.7_react@19.2.7/node_modules/react-dom/cjs/react-dom-client.development.js:10166:18
 > beginWork node_modules/.pnpm/react-dom@19.2.7_react@19.2.7/node_modules/react-dom/cjs/react-dom-client.development.js:11778:17
 > runWithFiberInDEV node_modules/.pnpm/react-dom@19.2.7_react@19.2.7/node_modules/react-dom/cjs/react-dom-client.development.js:871:29
 > performUnitOfWork node_modules/.pnpm/react-dom@19.2.7_react@19.2.7/node_modules/react-dom/cjs/react-dom-client.development.js:17641:21
 > workLoopSync node_modules/.pnpm/react-dom@19.2.7_react@19.2.7/node_modules/react-dom/cjs/react-dom-client.development.js:17469:40
 > renderRootSync node_modules/.pnpm/react-dom@19.2.7_react@19.2.7/node_modules/react-dom/cjs/react-dom-client.development.js:17450:10
 > performWorkOnRoot node_modules/.pnpm/react-dom@19.2.7_react@19.2.7/node_modules/react-dom/cjs/react-dom-client.development.js:16583:34

[2m10:52:31 PM[22m [33m[1m[vite][22m[39m [33m[2m(client)[22m[39m [2m[console.warn] [22mAn error occurred in the <App> component.

Consider adding an error boundary to your tree to customize error handling behavior.
Visit https://react.dev/link/error-boundaries to learn more about error boundaries.

[2m10:52:41 PM[22m [31m[1m[vite][22m[39m [31m[2m(client)[22m[39m [31m[Unhandled error] [1mReferenceError[22m: JudgeBrief is not defined
[39m > App src/App.jsx:1091:9
    1089 |          </section>
    1090 |  
    1091 |          <JudgeBrief
         |           ^
    1092 |            backendStatus={backendStatus}
    1093 |            signals={signals}
 > Object.react_stack_bottom_frame node_modules/.pnpm/react-dom@19.2.7_react@19.2.7/node_modules/react-dom/cjs/react-dom-client.development.js:25904:19
 > renderWithHooks node_modules/.pnpm/react-dom@19.2.7_react@19.2.7/node_modules/react-dom/cjs/react-dom-client.development.js:7662:21
 > updateFunctionComponent node_modules/.pnpm/react-dom@19.2.7_react@19.2.7/node_modules/react-dom/cjs/react-dom-client.development.js:10166:18
 > beginWork node_modules/.pnpm/react-dom@19.2.7_react@19.2.7/node_modules/react-dom/cjs/react-dom-client.development.js:11778:17
 > runWithFiberInDEV node_modules/.pnpm/react-dom@19.2.7_react@19.2.7/node_modules/react-dom/cjs/react-dom-client.development.js:871:29
 > performUnitOfWork node_modules/.pnpm/react-dom@19.2.7_react@19.2.7/node_modules/react-dom/cjs/react-dom-client.development.js:17641:21
 > workLoopSync node_modules/.pnpm/react-dom@19.2.7_react@19.2.7/node_modules/react-dom/cjs/react-dom-client.development.js:17469:40
 > renderRootSync node_modules/.pnpm/react-dom@19.2.7_react@19.2.7/node_modules/react-dom/cjs/react-dom-client.development.js:17450:10
 > performWorkOnRoot node_modules/.pnpm/react-dom@19.2.7_react@19.2.7/node_modules/react-dom/cjs/react-dom-client.development.js:16583:34

[2m10:52:41 PM[22m [33m[1m[vite][22m[39m [33m[2m(client)[22m[39m [2m[console.warn] [22mAn error occurred in the <App> component.

Consider adding an error boundary to your tree to customize error handling behavior.
Visit https://react.dev/link/error-boundaries to learn more about error boundaries.

[2m10:52:47 PM[22m [31m[1m[vite][22m[39m [31m[2m(client)[22m[39m [31m[Unhandled error] [1mReferenceError[22m: JudgeBrief is not defined
[39m > App src/App.jsx:1073:9
    1071 |          </section>
    1072 |  
    1073 |          <JudgeBrief
         |           ^
    1074 |            backendStatus={backendStatus}
    1075 |            signals={signals}
 > Object.react_stack_bottom_frame node_modules/.pnpm/react-dom@19.2.7_react@19.2.7/node_modules/react-dom/cjs/react-dom-client.development.js:25904:19
 > renderWithHooks node_modules/.pnpm/react-dom@19.2.7_react@19.2.7/node_modules/react-dom/cjs/react-dom-client.development.js:7662:21
 > updateFunctionComponent node_modules/.pnpm/react-dom@19.2.7_react@19.2.7/node_modules/react-dom/cjs/react-dom-client.development.js:10166:18
 > beginWork node_modules/.pnpm/react-dom@19.2.7_react@19.2.7/node_modules/react-dom/cjs/react-dom-client.development.js:11778:17
 > runWithFiberInDEV node_modules/.pnpm/react-dom@19.2.7_react@19.2.7/node_modules/react-dom/cjs/react-dom-client.development.js:871:29
 > performUnitOfWork node_modules/.pnpm/react-dom@19.2.7_react@19.2.7/node_modules/react-dom/cjs/react-dom-client.development.js:17641:21
 > workLoopSync node_modules/.pnpm/react-dom@19.2.7_react@19.2.7/node_modules/react-dom/cjs/react-dom-client.development.js:17469:40
 > renderRootSync node_modules/.pnpm/react-dom@19.2.7_react@19.2.7/node_modules/react-dom/cjs/react-dom-client.development.js:17450:10
 > performWorkOnRoot node_modules/.pnpm/react-dom@19.2.7_react@19.2.7/node_modules/react-dom/cjs/react-dom-client.development.js:16583:34

[2m10:52:47 PM[22m [33m[1m[vite][22m[39m [33m[2m(client)[22m[39m [2m[console.warn] [22mAn error occurred in the <App> component.

Consider adding an error boundary to your tree to customize error handling behavior.
Visit https://react.dev/link/error-boundaries to learn more about error boundaries.

